c:\users\richa\downloads\vcam\vcam\filters\release\filters.pch
c:\users\richa\downloads\vcam\vcam\filters\release\vc142.pdb
c:\users\richa\downloads\vcam\vcam\filters\release\stdafx.obj
c:\users\richa\downloads\vcam\vcam\filters\x64\release\vc142.pdb
c:\users\richa\downloads\vcam\vcam\filters\release\dll.obj
c:\users\richa\downloads\vcam\vcam\filters\release\filters.obj
c:\users\richa\downloads\vcam\vcam\filters\x64\release\dll.obj
c:\users\richa\downloads\vcam\vcam\filters\x64\release\filters.obj
c:\users\richa\downloads\vcam\vcam\filters\x64\release\stdafx.obj
c:\users\richa\downloads\vcam\vcam\filters\x64\release\filters.pch
c:\users\richa\documents\github\vcam\x64\release\filters.pch
c:\users\richa\documents\github\vcam\x64\release\vc142.pdb
c:\users\richa\documents\github\vcam\x64\release\dll.obj
c:\users\richa\documents\github\vcam\x64\release\filters.obj
c:\users\richa\documents\github\vcam\x64\release\stdafx.obj
c:\users\richa\downloads\vcam\vcam\filters\release\vcam.lib
c:\users\richa\downloads\vcam\vcam\filters\release\vcam.exp
c:\users\richa\downloads\vcam\vcam\filters\x64\release\vcam.lib
c:\users\richa\downloads\vcam\vcam\filters\x64\release\vcam.exp
c:\users\richa\documents\github\vcam\x64\release\vcam.lib
c:\users\richa\documents\github\vcam\x64\release\vcam.exp
c:\users\richa\downloads\vcam\vcam\filters\x64\release\filters.dll
c:\users\richa\documents\github\vcam\x64\release\filters.dll
c:\users\richa\documents\github\vcam\x64\release\filters.tlog\cl.command.1.tlog
c:\users\richa\documents\github\vcam\x64\release\filters.tlog\cl.read.1.tlog
c:\users\richa\documents\github\vcam\x64\release\filters.tlog\cl.write.1.tlog
c:\users\richa\documents\github\vcam\x64\release\filters.tlog\filters.write.1u.tlog
c:\users\richa\documents\github\vcam\x64\release\filters.tlog\link.command.1.tlog
c:\users\richa\documents\github\vcam\x64\release\filters.tlog\link.delete.1.tlog
c:\users\richa\documents\github\vcam\x64\release\filters.tlog\link.read.1.tlog
c:\users\richa\documents\github\vcam\x64\release\filters.tlog\link.write.1.tlog
